[debug] [2018-05-02T17:06:59.097Z] ----------------------------------------------------------------------
[debug] [2018-05-02T17:06:59.112Z] Command:       C:\Program Files\nodejs\node.exe C:\Users\saulo.teymeny\AppData\Roaming\npm\node_modules\firebase-tools\bin\firebase serve
[debug] [2018-05-02T17:06:59.112Z] CLI Version:   3.18.4
[debug] [2018-05-02T17:06:59.112Z] Platform:      win32
[debug] [2018-05-02T17:06:59.112Z] Node Version:  v8.11.1
[debug] [2018-05-02T17:06:59.112Z] Time:          Wed May 02 2018 14:06:59 GMT-0300 (E. South America Standard Time)
[debug] [2018-05-02T17:06:59.112Z] ----------------------------------------------------------------------
[debug] 
[debug] [2018-05-02T17:06:59.128Z] > command requires scopes: ["email","openid","https://www.googleapis.com/auth/cloudplatformprojects.readonly","https://www.googleapis.com/auth/firebase","https://www.googleapis.com/auth/cloud-platform"]
[debug] [2018-05-02T17:06:59.128Z] > authorizing via signed-in user
[debug] [2018-05-02T17:06:59.128Z] >>> HTTP REQUEST GET https://admin.firebase.com/v1/projects/league-of-duos  
  
 Wed May 02 2018 14:06:59 GMT-0300 (E. South America Standard Time)
[debug] [2018-05-02T17:07:00.003Z] <<< HTTP RESPONSE 200
[debug] [2018-05-02T17:07:00.004Z] >>> HTTP REQUEST GET https://admin.firebase.com/v1/database/league-of-duos/tokens  
  
 Wed May 02 2018 14:07:00 GMT-0300 (E. South America Standard Time)
[debug] [2018-05-02T17:07:00.721Z] <<< HTTP RESPONSE 200
[debug] [2018-05-02T17:07:00.721Z] >>> HTTP REQUEST GET https://cloudresourcemanager.googleapis.com/v1/projects/league-of-duos  
  
 Wed May 02 2018 14:07:00 GMT-0300 (E. South America Standard Time)
[debug] [2018-05-02T17:07:01.643Z] <<< HTTP RESPONSE 200
[info] 
[info] === Serving from 'C:\Users\saulo.teymeny\Desktop\Pessoal\League of Duos\league-of-duos'...
[info] 
[debug] [2018-05-02T17:07:01.643Z] >>> HTTP REQUEST GET https://mobilesdk-pa.googleapis.com/v1/projects/369203669616/clients/_:getWebAppConfig  
  
 Wed May 02 2018 14:07:01 GMT-0300 (E. South America Standard Time)
[debug] [2018-05-02T17:07:03.081Z] <<< HTTP RESPONSE 200
[info] i  hosting: Serving hosting files from: app
[info] +  hosting: Local server: http://localhost:5000

